# JRE version: OpenJDK Runtime Environment (8.0_212-b04) (build 1.8.0_212-release-1586-b04)
# Java VM: OpenJDK 64-Bit Server VM (25.212-b04 mixed mode windows-amd64 compressed oops)
Heap:
 PSYoungGen      total 105984K, used 65759K [0x00000000e0000000, 0x00000000e6f00000, 0x0000000100000000)
  eden space 98304K, 59% used [0x00000000e0000000,0x00000000e397db78,0x00000000e6000000)
  from space 7680K, 89% used [0x00000000e6780000,0x00000000e6e3a1a0,0x00000000e6f00000)
  to   space 7680K, 0% used [0x00000000e6000000,0x00000000e6000000,0x00000000e6780000)
 ParOldGen       total 130048K, used 16K [0x00000000a0000000, 0x00000000a7f00000, 0x00000000e0000000)
  object space 130048K, 0% used [0x00000000a0000000,0x00000000a0004000,0x00000000a7f00000)
 Metaspace       used 16839K, capacity 17250K, committed 17536K, reserved 1064960K
  class space    used 2398K, capacity 2563K, committed 2688K, reserved 1048576K
GC Heap History (4 events):
Event: 2.379 GC heap before
{Heap before GC invocations=1 (full 0):
 PSYoungGen      total 56832K, used 49152K [0x00000000e0000000, 0x00000000e3f00000, 0x0000000100000000)
  eden space 49152K, 100% used [0x00000000e0000000,0x00000000e3000000,0x00000000e3000000)
  from space 7680K, 0% used [0x00000000e3780000,0x00000000e3780000,0x00000000e3f00000)
  to   space 7680K, 0% used [0x00000000e3000000,0x00000000e3000000,0x00000000e3780000)
 ParOldGen       total 130048K, used 0K [0x00000000a0000000, 0x00000000a7f00000, 0x00000000e0000000)
  object space 130048K, 0% used [0x00000000a0000000,0x00000000a0000000,0x00000000a7f00000)
 Metaspace       used 7070K, capacity 7268K, committed 7424K, reserved 1056768K
  class space    used 858K, capacity 940K, committed 1024K, reserved 1048576K
Event: 2.423 GC heap after
Heap after GC invocations=1 (full 0):
 PSYoungGen      total 56832K, used 4564K [0x00000000e0000000, 0x00000000e6f00000, 0x0000000100000000)
  eden space 49152K, 0% used [0x00000000e0000000,0x00000000e0000000,0x00000000e3000000)
  from space 7680K, 59% used [0x00000000e3000000,0x00000000e3475248,0x00000000e3780000)
  to   space 7680K, 0% used [0x00000000e6780000,0x00000000e6780000,0x00000000e6f00000)
 ParOldGen       total 130048K, used 8K [0x00000000a0000000, 0x00000000a7f00000, 0x00000000e0000000)
  object space 130048K, 0% used [0x00000000a0000000,0x00000000a0002000,0x00000000a7f00000)
 Metaspace       used 7070K, capacity 7268K, committed 7424K, reserved 1056768K
  class space    used 858K, capacity 940K, committed 1024K, reserved 1048576K
}
Event: 4.186 GC heap before
{Heap before GC invocations=2 (full 0):
 PSYoungGen      total 56832K, used 53716K [0x00000000e0000000, 0x00000000e6f00000, 0x0000000100000000)
  eden space 49152K, 100% used [0x00000000e0000000,0x00000000e3000000,0x00000000e3000000)
  from space 7680K, 59% used [0x00000000e3000000,0x00000000e3475248,0x00000000e3780000)
  to   space 7680K, 0% used [0x00000000e6780000,0x00000000e6780000,0x00000000e6f00000)
 ParOldGen       total 130048K, used 8K [0x00000000a0000000, 0x00000000a7f00000, 0x00000000e0000000)
  object space 130048K, 0% used [0x00000000a0000000,0x00000000a0002000,0x00000000a7f00000)
 Metaspace       used 12288K, capacity 12750K, committed 12928K, reserved 1060864K
  class space    used 1646K, capacity 1803K, committed 1920K, reserved 1048576K
Event: 4.195 GC heap after
Heap after GC invocations=2 (full 0):
 PSYoungGen      total 105984K, used 6888K [0x00000000e0000000, 0x00000000e6f00000, 0x0000000100000000)
  eden space 98304K, 0% used [0x00000000e0000000,0x00000000e0000000,0x00000000e6000000)
  from space 7680K, 89% used [0x00000000e6780000,0x00000000e6e3a1a0,0x00000000e6f00000)
  to   space 7680K, 0% used [0x00000000e6000000,0x00000000e6000000,0x00000000e6780000)
 ParOldGen       total 130048K, used 16K [0x00000000a0000000, 0x00000000a7f00000, 0x00000000e0000000)
  object space 130048K, 0% used [0x00000000a0000000,0x00000000a0004000,0x00000000a7f00000)
 Metaspace       used 12288K, capacity 12750K, committed 12928K, reserved 1060864K
  class space    used 1646K, capacity 1803K, committed 1920K, reserved 1048576K
}

